2025-11-25 08:00:01,942 [INFO] Activator:176 - 


2025-11-25 08:00:01,944 [INFO] Activator:177 - !SESSION log4j initialized
2025-11-25 08:00:04,715 [INFO] LogOutputStream:77 - [STDOUT_REDIRECT] 
2025-11-25 08:00:07,525 [INFO] ApplicationProperties:184 - Using Application install path: C:\ST\STM32CubeIDE_1.16.1\STM32CubeIDE\plugins\com.st.stm32cube.common.mx_6.15.0.202507011659
2025-11-25 08:00:07,539 [INFO] DbMcusXml:78 - Set database path to: C:\ST\STM32CubeIDE_1.16.1\STM32CubeIDE\plugins\com.st.stm32cube.common.mx_6.15.0.202507011659\\db\/mcu/
2025-11-25 08:00:07,539 [INFO] ApiDb:274 - Set plugin database path to: C:\ST\STM32CubeIDE_1.16.1\STM32CubeIDE\plugins\com.st.stm32cube.common.mx_6.15.0.202507011659\\db\/plugins/boardmanager/
2025-11-25 08:00:07,540 [WARN] ApiDb:259 - Overriding images path with different value:  => C:\ST\STM32CubeIDE_1.16.1\STM32CubeIDE\plugins\com.st.stm32cube.common.mx_6.15.0.202507011659\\db\/plugins/mcufinder/images/
2025-11-25 08:00:07,544 [INFO] ApiDb:250 - Set database path to: C:\Users\user\.stmcufinder\plugins\mcufinder//mcu/
2025-11-25 08:00:07,545 [INFO] DbMcusAds:125 - Set database path to: C:\Users\user\.stmcufinder\plugins\mcufinder//mcu/
2025-11-25 08:00:07,547 [INFO] CrossReferenceDbSqlite:203 - Set database path to: C:\Users\user\.stmcufinder\plugins\mcufinder//mcu/cs/
2025-11-25 08:00:07,667 [INFO] RulesReader:64 - Compatibility file has been processed (317 Rules)
2025-11-25 08:00:07,741 [INFO] DbMcusXml:78 - Set database path to: C:\ST\STM32CubeIDE_1.16.1\STM32CubeIDE\plugins\com.st.stm32cube.common.mx_6.15.0.202507011659\\db\/mcu/
2025-11-25 08:00:07,741 [INFO] ApiDb:274 - Set plugin database path to: C:\ST\STM32CubeIDE_1.16.1\STM32CubeIDE\plugins\com.st.stm32cube.common.mx_6.15.0.202507011659\\db\/plugins/boardmanager/
2025-11-25 08:00:07,741 [INFO] ApiDb:261 - Set plugin images path to: C:\ST\STM32CubeIDE_1.16.1\STM32CubeIDE\plugins\com.st.stm32cube.common.mx_6.15.0.202507011659\\db\/plugins/mcufinder/images/
2025-11-25 08:00:07,741 [WARN] DbFile:41 - Overriding database path with different value: C:\Users\user\.stmcufinder\plugins\mcufinder/ => C:\Users\user\.stmcufinder\plugins\mcufinder
2025-11-25 08:00:07,742 [INFO] ApiDb:250 - Set database path to: C:\Users\user\.stmcufinder\plugins\mcufinder//mcu/
2025-11-25 08:00:07,742 [WARN] DbFile:41 - Overriding database path with different value: C:\Users\user\.stmcufinder\plugins\mcufinder/ => C:\Users\user\.stmcufinder\plugins\mcufinder
2025-11-25 08:00:07,742 [INFO] DbMcusAds:125 - Set database path to: C:\Users\user\.stmcufinder\plugins\mcufinder//mcu/
2025-11-25 08:00:07,742 [WARN] DbFile:41 - Overriding database path with different value: C:\Users\user\.stmcufinder\plugins\mcufinder/ => C:\Users\user\.stmcufinder\plugins\mcufinder
2025-11-25 08:00:07,742 [WARN] DbFile:41 - Overriding database path with different value: C:\Users\user\.stmcufinder\plugins\mcufinder/ => C:\Users\user\.stmcufinder\plugins\mcufinder
2025-11-25 08:00:07,742 [INFO] CrossReferenceDbSqlite:203 - Set database path to: C:\Users\user\.stmcufinder\plugins\mcufinder//mcu/cs/
2025-11-25 08:00:07,819 [INFO] MainPanel:274 - HeapMemory: 268435456
2025-11-25 08:00:07,902 [INFO] DbMcusXml:78 - Set database path to: C:\ST\STM32CubeIDE_1.16.1\STM32CubeIDE\plugins\com.st.stm32cube.common.mx_6.15.0.202507011659\\db\/mcu/
2025-11-25 08:00:07,903 [INFO] ApiDb:274 - Set plugin database path to: C:\ST\STM32CubeIDE_1.16.1\STM32CubeIDE\plugins\com.st.stm32cube.common.mx_6.15.0.202507011659\\db\/plugins/boardmanager/
2025-11-25 08:00:07,903 [INFO] ApiDb:261 - Set plugin images path to: C:\ST\STM32CubeIDE_1.16.1\STM32CubeIDE\plugins\com.st.stm32cube.common.mx_6.15.0.202507011659\\db\/plugins/mcufinder/images/
2025-11-25 08:00:07,903 [WARN] DbFile:41 - Overriding database path with different value: C:\Users\user\.stmcufinder\plugins\mcufinder/ => C:\Users\user\.stmcufinder\plugins\mcufinder
2025-11-25 08:00:07,903 [INFO] ApiDb:250 - Set database path to: C:\Users\user\.stmcufinder\plugins\mcufinder//mcu/
2025-11-25 08:00:07,903 [WARN] DbFile:41 - Overriding database path with different value: C:\Users\user\.stmcufinder\plugins\mcufinder/ => C:\Users\user\.stmcufinder\plugins\mcufinder
2025-11-25 08:00:07,903 [INFO] DbMcusAds:125 - Set database path to: C:\Users\user\.stmcufinder\plugins\mcufinder//mcu/
2025-11-25 08:00:07,903 [WARN] DbFile:41 - Overriding database path with different value: C:\Users\user\.stmcufinder\plugins\mcufinder/ => C:\Users\user\.stmcufinder\plugins\mcufinder
2025-11-25 08:00:07,904 [WARN] DbFile:41 - Overriding database path with different value: C:\Users\user\.stmcufinder\plugins\mcufinder/ => C:\Users\user\.stmcufinder\plugins\mcufinder
2025-11-25 08:00:07,904 [INFO] CrossReferenceDbSqlite:203 - Set database path to: C:\Users\user\.stmcufinder\plugins\mcufinder//mcu/cs/
2025-11-25 08:00:07,920 [INFO] ApplicationProperties:184 - Using Application install path: C:\ST\STM32CubeIDE_1.16.1\STM32CubeIDE\plugins\com.st.stm32cube.common.mx_6.15.0.202507011659
2025-11-25 08:00:07,922 [INFO] PluginManage:196 - Search for loadable plugins [exclusion list=, ]
2025-11-25 08:00:07,923 [INFO] PluginManage:310 - Check plugin analytics
2025-11-25 08:00:08,197 [INFO] AnalyticsPlugin:253 - Accepted Software Licenses: STM32CubeMX.6.15.0
2025-11-25 08:00:08,197 [INFO] AnalyticsPlugin:255 - Accepted CMSIS Pack Licenses: 
2025-11-25 08:00:08,198 [INFO] AnalyticsPlugin:257 - Accepted Firmware Licenses: FW.L4.1.18.0
2025-11-25 08:00:08,202 [INFO] PluginManage:359 - Loaded plugin analytics (category:tool,tabindex:-1)
2025-11-25 08:00:08,202 [INFO] PluginManage:310 - Check plugin cadmodel
2025-11-25 08:00:08,209 [INFO] CADModel:105 - Init CAD model plugin
2025-11-25 08:00:08,209 [INFO] PluginManage:359 - Loaded plugin cadmodel (category:power,tabindex:5)
2025-11-25 08:00:08,209 [INFO] PluginManage:310 - Check plugin clock
2025-11-25 08:00:08,220 [INFO] PluginManage:359 - Loaded plugin clock (category:base,tabindex:2)
2025-11-25 08:00:08,220 [INFO] PluginManage:310 - Check plugin ddr
2025-11-25 08:00:08,223 [INFO] PluginManage:359 - Loaded plugin ddr (category:tool,tabindex:6)
2025-11-25 08:00:08,223 [INFO] PluginManage:310 - Check plugin filemanager
2025-11-25 08:00:08,401 [INFO] PluginManage:359 - Loaded plugin filemanager (category:base,tabindex:10)
2025-11-25 08:00:08,401 [INFO] PluginManage:310 - Check plugin ipmanager
2025-11-25 08:00:08,408 [INFO] PluginManage:359 - Loaded plugin ipmanager (category:base,tabindex:5)
2025-11-25 08:00:08,409 [INFO] PluginManage:310 - Check plugin lpbam
2025-11-25 08:00:08,417 [INFO] PluginManage:359 - Loaded plugin lpbam (category:base,tabindex:0)
2025-11-25 08:00:08,417 [INFO] PluginManage:310 - Check plugin memorymap
2025-11-25 08:00:08,428 [INFO] PluginManage:359 - Loaded plugin memorymap (category:base,tabindex:4)
2025-11-25 08:00:08,428 [INFO] PluginManage:310 - Check plugin pinoutandconfiguration
2025-11-25 08:00:08,434 [INFO] PluginManage:359 - Loaded plugin pinoutandconfiguration (category:base,tabindex:1)
2025-11-25 08:00:08,434 [INFO] PluginManage:310 - Check plugin pinoutconfig
2025-11-25 08:00:08,526 [WARN] SupportedApi:132 - Cannot load RTOS API schema: s4s-elt-must-match.1: The content of 'definitions' must match (annotation?, (simpleType | complexType)?, (unique | key | keyref)*)). A problem was found starting at: attribute.
2025-11-25 08:00:08,691 [INFO] PluginManage:359 - Loaded plugin pinoutconfig (category:base,tabindex:0)
2025-11-25 08:00:08,692 [INFO] PluginManage:310 - Check plugin power
2025-11-25 08:00:08,704 [INFO] PluginManage:359 - Loaded plugin power (category:power,tabindex:4)
2025-11-25 08:00:08,704 [INFO] PluginManage:310 - Check plugin projectmanager
2025-11-25 08:00:08,722 [INFO] PluginManage:359 - Loaded plugin projectmanager (category:projectmanager,tabindex:4)
2025-11-25 08:00:08,723 [INFO] PluginManage:310 - Check plugin rif
2025-11-25 08:00:08,730 [INFO] PluginManage:359 - Loaded plugin rif (category:base,tabindex:3)
2025-11-25 08:00:08,731 [INFO] PluginManage:310 - Check plugin thirdparty
2025-11-25 08:00:08,860 [WARN] IntegrityCheckThread:84 - waiting for thirdparty lock release [integrity check]
2025-11-25 08:00:08,861 [INFO] IntegrityCheckThread:86 - entering critical section [integrity check]
2025-11-25 08:00:08,861 [INFO] PluginManage:359 - Loaded plugin thirdparty (category:base,tabindex:-1)
2025-11-25 08:00:08,861 [INFO] PluginManage:310 - Check plugin tools
2025-11-25 08:00:08,861 [INFO] ThirdPartyUpdaterWithRetryManager:70 - Updater plugin not ready yet. [1/15]
2025-11-25 08:00:08,865 [INFO] PluginManage:359 - Loaded plugin tools (category:base,tabindex:7)
2025-11-25 08:00:08,865 [INFO] PluginManage:310 - Check plugin tutovideos
2025-11-25 08:00:09,065 [INFO] PluginManage:359 - Loaded plugin tutovideos (category:base,tabindex:-1)
2025-11-25 08:00:09,065 [INFO] PluginManage:310 - Check plugin updater
2025-11-25 08:00:09,090 [INFO] PluginManage:359 - Loaded plugin updater (category:base,tabindex:12)
2025-11-25 08:00:09,090 [INFO] PluginManage:310 - Check plugin userauth
2025-11-25 08:00:09,097 [INFO] UserAuth:118 - Init User Auth plugin
2025-11-25 08:00:09,099 [INFO] PluginManage:359 - Loaded plugin userauth (category:base,tabindex:14)
2025-11-25 08:00:09,100 [INFO] PluginManage:283 - PluginManage : Loaded plugins [18]
2025-11-25 08:00:09,343 [INFO] PinOutPanel:1589 - setPackage(No Configuration,No Configuration)
2025-11-25 08:00:09,421 [INFO] CADModel:165 - CPN selected for project level
2025-11-25 08:00:09,421 [INFO] CADModel:114 - Register for checkConnection events
2025-11-25 08:00:09,436 [INFO] IPUIPlugin:80 - create IPUIPlugin
2025-11-25 08:00:09,436 [INFO] PluginManager:220 - loadIPPluginJar : add adc
2025-11-25 08:00:09,439 [INFO] IPUIPlugin:80 - create IPUIPlugin
2025-11-25 08:00:09,439 [INFO] PluginManager:220 - loadIPPluginJar : add aes
2025-11-25 08:00:09,442 [INFO] IPUIPlugin:80 - create IPUIPlugin
2025-11-25 08:00:09,442 [INFO] PluginManager:220 - loadIPPluginJar : add can
2025-11-25 08:00:09,445 [INFO] IPUIPlugin:80 - create IPUIPlugin
2025-11-25 08:00:09,445 [INFO] PluginManager:220 - loadIPPluginJar : add comp
2025-11-25 08:00:09,447 [INFO] IPUIPlugin:80 - create IPUIPlugin
2025-11-25 08:00:09,447 [INFO] PluginManager:220 - loadIPPluginJar : add cryp
2025-11-25 08:00:09,450 [INFO] IPUIPlugin:80 - create IPUIPlugin
2025-11-25 08:00:09,450 [INFO] PluginManager:220 - loadIPPluginJar : add ddr_ctrl_phy
2025-11-25 08:00:09,452 [INFO] IPUIPlugin:80 - create IPUIPlugin
2025-11-25 08:00:09,452 [INFO] PluginManager:220 - loadIPPluginJar : add dfsdm
2025-11-25 08:00:09,457 [INFO] IPUIPlugin:80 - create IPUIPlugin
2025-11-25 08:00:09,458 [INFO] PluginManager:220 - loadIPPluginJar : add dma
2025-11-25 08:00:09,460 [INFO] IPUIPlugin:80 - create IPUIPlugin
2025-11-25 08:00:09,460 [INFO] PluginManager:220 - loadIPPluginJar : add dma3
2025-11-25 08:00:09,463 [INFO] IPUIPlugin:80 - create IPUIPlugin
2025-11-25 08:00:09,463 [INFO] PluginManager:220 - loadIPPluginJar : add extmemmanager
2025-11-25 08:00:09,464 [INFO] IPUIPlugin:80 - create IPUIPlugin
2025-11-25 08:00:09,464 [INFO] PluginManager:220 - loadIPPluginJar : add fatfs
2025-11-25 08:00:09,468 [INFO] IPUIPlugin:80 - create IPUIPlugin
2025-11-25 08:00:09,468 [INFO] PluginManager:220 - loadIPPluginJar : add fmc
2025-11-25 08:00:09,473 [INFO] IPUIPlugin:80 - create IPUIPlugin
2025-11-25 08:00:09,474 [INFO] PluginManager:220 - loadIPPluginJar : add freertos
2025-11-25 08:00:09,475 [INFO] IPUIPlugin:80 - create IPUIPlugin
2025-11-25 08:00:09,475 [INFO] PluginManager:220 - loadIPPluginJar : add genericplugin
2025-11-25 08:00:09,478 [INFO] IPUIPlugin:80 - create IPUIPlugin
2025-11-25 08:00:09,478 [INFO] PluginManager:220 - loadIPPluginJar : add gfxmmu
2025-11-25 08:00:09,482 [INFO] IPUIPlugin:80 - create IPUIPlugin
2025-11-25 08:00:09,482 [INFO] PluginManager:220 - loadIPPluginJar : add gic
2025-11-25 08:00:09,485 [INFO] IPUIPlugin:80 - create IPUIPlugin
2025-11-25 08:00:09,485 [INFO] PluginManager:220 - loadIPPluginJar : add gpio
2025-11-25 08:00:09,487 [INFO] IPUIPlugin:80 - create IPUIPlugin
2025-11-25 08:00:09,487 [INFO] PluginManager:220 - loadIPPluginJar : add gtzc
2025-11-25 08:00:09,490 [INFO] IPUIPlugin:80 - create IPUIPlugin
2025-11-25 08:00:09,490 [INFO] PluginManager:220 - loadIPPluginJar : add hash
2025-11-25 08:00:09,492 [INFO] IPUIPlugin:80 - create IPUIPlugin
2025-11-25 08:00:09,492 [INFO] PluginManager:220 - loadIPPluginJar : add i2c
2025-11-25 08:00:09,494 [INFO] IPUIPlugin:80 - create IPUIPlugin
2025-11-25 08:00:09,494 [INFO] PluginManager:220 - loadIPPluginJar : add i2s
2025-11-25 08:00:09,498 [INFO] IPUIPlugin:80 - create IPUIPlugin
2025-11-25 08:00:09,499 [INFO] PluginManager:220 - loadIPPluginJar : add i3c
2025-11-25 08:00:09,501 [INFO] IPUIPlugin:80 - create IPUIPlugin
2025-11-25 08:00:09,502 [INFO] PluginManager:220 - loadIPPluginJar : add ipddr
2025-11-25 08:00:09,508 [INFO] IPUIPlugin:80 - create IPUIPlugin
2025-11-25 08:00:09,508 [INFO] PluginManager:220 - loadIPPluginJar : add linkedlist
2025-11-25 08:00:09,511 [INFO] IPUIPlugin:80 - create IPUIPlugin
2025-11-25 08:00:09,511 [INFO] PluginManager:220 - loadIPPluginJar : add lorawan
2025-11-25 08:00:09,512 [INFO] IPUIPlugin:80 - create IPUIPlugin
2025-11-25 08:00:09,512 [INFO] PluginManager:220 - loadIPPluginJar : add ltdc
2025-11-25 08:00:09,516 [INFO] IPUIPlugin:80 - create IPUIPlugin
2025-11-25 08:00:09,516 [INFO] PluginManager:220 - loadIPPluginJar : add mdma
2025-11-25 08:00:09,519 [INFO] IPUIPlugin:80 - create IPUIPlugin
2025-11-25 08:00:09,519 [INFO] PluginManager:220 - loadIPPluginJar : add nvic
2025-11-25 08:00:09,521 [INFO] IPUIPlugin:80 - create IPUIPlugin
2025-11-25 08:00:09,521 [INFO] PluginManager:220 - loadIPPluginJar : add opamp
2025-11-25 08:00:09,525 [INFO] IPUIPlugin:80 - create IPUIPlugin
2025-11-25 08:00:09,525 [INFO] PluginManager:220 - loadIPPluginJar : add openamp
2025-11-25 08:00:09,528 [INFO] IPUIPlugin:80 - create IPUIPlugin
2025-11-25 08:00:09,528 [INFO] PluginManager:220 - loadIPPluginJar : add pdm2pcm
2025-11-25 08:00:09,533 [INFO] IPUIPlugin:80 - create IPUIPlugin
2025-11-25 08:00:09,536 [INFO] PluginManager:220 - loadIPPluginJar : add plateformsettings
2025-11-25 08:00:09,538 [INFO] IPUIPlugin:80 - create IPUIPlugin
2025-11-25 08:00:09,538 [INFO] PluginManager:220 - loadIPPluginJar : add quadspi
2025-11-25 08:00:09,540 [INFO] IPUIPlugin:80 - create IPUIPlugin
2025-11-25 08:00:09,541 [INFO] PluginManager:220 - loadIPPluginJar : add radio
2025-11-25 08:00:09,544 [INFO] IPUIPlugin:80 - create IPUIPlugin
2025-11-25 08:00:09,544 [INFO] PluginManager:220 - loadIPPluginJar : add resmgrutility
2025-11-25 08:00:09,548 [INFO] IPUIPlugin:80 - create IPUIPlugin
2025-11-25 08:00:09,548 [INFO] PluginManager:220 - loadIPPluginJar : add sai
2025-11-25 08:00:09,550 [INFO] IPUIPlugin:80 - create IPUIPlugin
2025-11-25 08:00:09,550 [INFO] PluginManager:220 - loadIPPluginJar : add spi
2025-11-25 08:00:09,556 [INFO] IPUIPlugin:80 - create IPUIPlugin
2025-11-25 08:00:09,556 [INFO] PluginManager:220 - loadIPPluginJar : add stm32_wpan
2025-11-25 08:00:09,557 [INFO] IPUIPlugin:80 - create IPUIPlugin
2025-11-25 08:00:09,557 [INFO] PluginManager:220 - loadIPPluginJar : add tim
2025-11-25 08:00:09,560 [INFO] IPUIPlugin:80 - create IPUIPlugin
2025-11-25 08:00:09,560 [INFO] PluginManager:220 - loadIPPluginJar : add touchsensing
2025-11-25 08:00:09,562 [INFO] IPUIPlugin:80 - create IPUIPlugin
2025-11-25 08:00:09,563 [INFO] PluginManager:220 - loadIPPluginJar : add tracer_emb
2025-11-25 08:00:09,564 [INFO] IPUIPlugin:80 - create IPUIPlugin
2025-11-25 08:00:09,564 [INFO] PluginManager:220 - loadIPPluginJar : add ts
2025-11-25 08:00:09,566 [INFO] IPUIPlugin:80 - create IPUIPlugin
2025-11-25 08:00:09,566 [INFO] PluginManager:220 - loadIPPluginJar : add tsc
2025-11-25 08:00:09,567 [INFO] IPUIPlugin:80 - create IPUIPlugin
2025-11-25 08:00:09,568 [INFO] PluginManager:220 - loadIPPluginJar : add ucpd
2025-11-25 08:00:09,570 [INFO] IPUIPlugin:80 - create IPUIPlugin
2025-11-25 08:00:09,570 [INFO] PluginManager:220 - loadIPPluginJar : add usart
2025-11-25 08:00:09,574 [INFO] IPUIPlugin:80 - create IPUIPlugin
2025-11-25 08:00:09,574 [INFO] PluginManager:220 - loadIPPluginJar : add usbx
2025-11-25 08:00:09,704 [FATAL] Updater:351 - Updater called before beeing initialized
2025-11-25 08:00:09,733 [INFO] RulesReader:64 - Compatibility file has been processed (317 Rules)
2025-11-25 08:00:09,748 [INFO] RulesReader:64 - Compatibility file has been processed (317 Rules)
2025-11-25 08:00:09,761 [INFO] CADModel:165 - CPN selected for project level
2025-11-25 08:00:09,761 [INFO] CADModel:114 - Register for checkConnection events
2025-11-25 08:00:09,761 [FATAL] Updater:351 - Updater called before beeing initialized
2025-11-25 08:00:09,761 [ERROR] CADModel:125 - Updater not yet initialized, retry later 
2025-11-25 08:00:09,904 [FATAL] Updater:351 - Updater called before beeing initialized
2025-11-25 08:00:09,907 [INFO] CADModel:165 - CPN selected for project level
2025-11-25 08:00:09,907 [INFO] CADModel:114 - Register for checkConnection events
2025-11-25 08:00:09,907 [FATAL] Updater:351 - Updater called before beeing initialized
2025-11-25 08:00:09,907 [ERROR] CADModel:125 - Updater not yet initialized, retry later 
2025-11-25 08:00:09,910 [FATAL] Updater:351 - Updater called before beeing initialized
2025-11-25 08:00:10,022 [FATAL] Updater:351 - Updater called before beeing initialized
2025-11-25 08:00:10,028 [INFO] DbMcusAds:53 - JSON generation date=Mon Nov 10 11:43:01 CET 2025 (1762771381096)
2025-11-25 08:00:10,029 [FATAL] Updater:351 - Updater called before beeing initialized
2025-11-25 08:00:10,063 [WARN] DetailPanel:346 - Failed to get advertising image, set to default
2025-11-25 08:00:10,147 [FATAL] Updater:351 - Updater called before beeing initialized
2025-11-25 08:00:10,148 [FATAL] Updater:351 - Updater called before beeing initialized
2025-11-25 08:00:10,148 [FATAL] Updater:351 - Updater called before beeing initialized
2025-11-25 08:00:10,148 [WARN] DetailPanel:346 - Failed to get advertising image, set to default
2025-11-25 08:00:10,149 [FATAL] Updater:351 - Updater called before beeing initialized
2025-11-25 08:00:10,198 [ERROR] Updater:1198 - MainUpdater not yet initialized. External WinMGr cannot be set.
2025-11-25 08:00:10,200 [INFO] Updater:1134 - Updater Version found : 6.15.0
2025-11-25 08:00:10,211 [INFO] ApplicationProperties:184 - Using Application install path: C:\ST\STM32CubeIDE_1.16.1\STM32CubeIDE\plugins\com.st.stm32cube.common.mx_6.15.0.202507011659
2025-11-25 08:00:11,791 [ERROR] LogOutputStream:75 - [STDERR_REDIRECT] Nov 25, 2025 8:00:11 AM java.util.prefs.WindowsPreferences <init>
2025-11-25 08:00:11,793 [ERROR] LogOutputStream:75 - [STDERR_REDIRECT] WARNING: Could not open/create prefs root node Software\JavaSoft\Prefs at root 0xffffffff80000002. Windows RegCreateKeyEx(...) returned error code 5.
2025-11-25 08:00:11,794 [ERROR] LogOutputStream:75 - [STDERR_REDIRECT] 
2025-11-25 08:00:11,861 [INFO] ThirdPartyUpdaterWithRetryManager:70 - Updater plugin not ready yet. [2/15]
2025-11-25 08:00:12,111 [INFO] MainUpdater:2872 - connection check result : 10
2025-11-25 08:00:12,111 [INFO] MainUpdater:289 - Updater Check For Update Now.
2025-11-25 08:00:12,112 [INFO] MicroXplorer:498 - Change Database Version : DB.6.0.150
2025-11-25 08:00:12,119 [INFO] McuFinderGlobals:63 - Set McuFinder mode to 2 (CubeIDE integrated)
2025-11-25 08:00:12,119 [INFO] UserAuth:171 - activating auth plugin
2025-11-25 08:00:12,122 [INFO] UserAuth:487 - Internet connection configuration mode: 1
2025-11-25 08:00:12,142 [INFO] JxBrowserEngine:152 - Initiate JxBrowser Engine with user profile folder
2025-11-25 08:00:12,310 [INFO] CheckServerUpdateThread:120 - End of CheckServer Thread
2025-11-25 08:00:12,863 [INFO] WebApp:169 - Instantiating new browser for Auth
2025-11-25 08:00:13,624 [INFO] WebApp:463 - Apply proxy settings
2025-11-25 08:00:13,625 [INFO] WebApp:548 - Chromium requires no authentication
2025-11-25 08:00:13,634 [INFO] WebApp:491 - Direct internet connection detected
2025-11-25 08:00:13,658 [INFO] WebApp:900 - Register for checkConnection events
2025-11-25 08:00:13,658 [INFO] WebApp:463 - Apply proxy settings
2025-11-25 08:00:13,658 [INFO] WebApp:548 - Chromium requires no authentication
2025-11-25 08:00:13,659 [INFO] WebApp:491 - Direct internet connection detected
2025-11-25 08:00:13,849 [INFO] WebApp:225 - Starting web application
2025-11-25 08:00:13,849 [INFO] WebApp:593 - Web application path used C:\ST\STM32CubeIDE_1.16.1\STM32CubeIDE\plugins\com.st.stm32cube.common.mx_6.15.0.202507011659\db\plugins\mcufinder\reactClient1\index.html
2025-11-25 08:00:13,982 [INFO] WebApp:191 - Connection restablished
2025-11-25 08:00:15,130 [WARN] PackLoader:240 - Cannot read IP mode file for STMicroelectronics.FP-SNS-MOTENVWB1.1.4.0
2025-11-25 08:00:15,140 [WARN] PackLoader:240 - Cannot read IP mode file for STMicroelectronics.FP-ATR-ASTRA1.2.0.2
2025-11-25 08:00:15,154 [WARN] PackLoader:240 - Cannot read IP mode file for STMicroelectronics.X-CUBE-SMBUS.2.1.0
2025-11-25 08:00:15,160 [WARN] PackLoader:240 - Cannot read IP mode file for STMicroelectronics.X-CUBE-ST60.1.0.0
2025-11-25 08:00:15,199 [WARN] PackLoader:240 - Cannot read IP mode file for STMicroelectronics.X-CUBE-AZRTOS-F7.1.1.0
2025-11-25 08:00:15,210 [WARN] PackLoader:240 - Cannot read IP mode file for Cesanta.I-CUBE-Mongoose.7.19.0
2025-11-25 08:00:15,279 [WARN] PackLoader:240 - Cannot read IP mode file for STMicroelectronics.X-CUBE-MEMS1.11.0.0
2025-11-25 08:00:15,452 [WARN] PackLoader:240 - Cannot read IP mode file for STMicroelectronics.FP-SNS-MOTENV1.5.1.0
2025-11-25 08:00:15,463 [WARN] PackLoader:240 - Cannot read IP mode file for WES.I-CUBE-Cesium.1.4.0
2025-11-25 08:00:15,467 [WARN] PackLoader:240 - Cannot read IP mode file for STMicroelectronics.FP-SNS-FLIGHT1.5.0.2
2025-11-25 08:00:15,491 [WARN] PackLoader:240 - Cannot read IP mode file for Infineon.AIROC-Wi-Fi-Bluetooth-STM32.1.7.1
2025-11-25 08:00:15,523 [WARN] PackLoader:240 - Cannot read IP mode file for STMicroelectronics.X-CUBE-AZRTOS-H7.3.4.0
2025-11-25 08:00:15,538 [WARN] PackLoader:240 - Cannot read IP mode file for STMicroelectronics.X-CUBE-DISPLAY.3.0.0
2025-11-25 08:00:15,551 [WARN] PackLoader:240 - Cannot read IP mode file for STMicroelectronics.X-CUBE-BLE1.7.0.0
2025-11-25 08:00:15,561 [WARN] PackLoader:240 - Cannot read IP mode file for STMicroelectronics.X-CUBE-NFC10.1.0.0
2025-11-25 08:00:15,573 [WARN] PackLoader:240 - Cannot read IP mode file for STMicroelectronics.X-CUBE-ST60.1.1.0
2025-11-25 08:00:15,581 [WARN] PackLoader:240 - Cannot read IP mode file for emotas.I-CUBE-CANOPEN.1.3.0
2025-11-25 08:00:15,590 [WARN] PackLoader:240 - Cannot read IP mode file for STMicroelectronics.X-CUBE-GNSS1.7.1.0
2025-11-25 08:00:15,605 [WARN] PackLoader:240 - Cannot read IP mode file for STMicroelectronics.X-CUBE-BLEMGR.3.1.0
2025-11-25 08:00:15,624 [WARN] PackLoader:240 - Cannot read IP mode file for STMicroelectronics.FP-SNS-STBOX1.2.1.0
2025-11-25 08:00:15,632 [WARN] PackLoader:240 - Cannot read IP mode file for STMicroelectronics.FP-SNS-SMARTAG2.1.2.0
2025-11-25 08:00:15,637 [WARN] PackLoader:240 - Cannot read IP mode file for STMicroelectronics.FP-SNS-FLIGHT1.5.1.0
2025-11-25 08:00:15,647 [INFO] LogOutputStream:77 - [STDOUT_REDIRECT] 1 : Invalid condition id : UX_CORESTACK_Condition cause : null
2025-11-25 08:00:15,648 [INFO] LogOutputStream:77 - [STDOUT_REDIRECT] 1 : Invalid condition id : UX_CORESTACK_Condition cause : null
2025-11-25 08:00:15,650 [INFO] LogOutputStream:77 - [STDOUT_REDIRECT] 1 : Invalid condition id : UX_CORESTACK_Condition cause : null
2025-11-25 08:00:15,652 [INFO] LogOutputStream:77 - [STDOUT_REDIRECT] 1 : Invalid condition id : UX_CORESTACK_Condition cause : null
2025-11-25 08:00:15,654 [INFO] LogOutputStream:77 - [STDOUT_REDIRECT] 1 : Invalid condition id : UX_CORESTACK_Condition cause : null
2025-11-25 08:00:15,660 [WARN] PackLoader:240 - Cannot read IP mode file for STMicroelectronics.X-CUBE-AZRTOS-WL.2.0.0
2025-11-25 08:00:15,669 [WARN] PackLoader:240 - Cannot read IP mode file for STMicroelectronics.FP-SNS-MOTENV1.5.0.0
2025-11-25 08:00:15,698 [WARN] PackLoader:240 - Cannot read IP mode file for STMicroelectronics.X-CUBE-AZRTOS-H7RS.1.2.0
2025-11-25 08:00:15,709 [WARN] PackLoader:240 - Cannot read IP mode file for wolfSSL.I-CUBE-wolfMQTT.1.19.0
2025-11-25 08:00:15,715 [WARN] PackLoader:240 - Cannot read IP mode file for WES.I-CUBE-Cesium.1.3.0
2025-11-25 08:00:15,724 [WARN] PackLoader:240 - Cannot read IP mode file for STMicroelectronics.X-CUBE-BLE2.3.3.0
2025-11-25 08:00:15,752 [WARN] PackLoader:240 - Cannot read IP mode file for STMicroelectronics.X-CUBE-NFC9.1.0.0
2025-11-25 08:00:15,758 [WARN] PackLoader:240 - Cannot read IP mode file for wolfSSL.I-CUBE-wolfSSL.5.8.2
2025-11-25 08:00:15,763 [WARN] PackLoader:240 - Cannot read IP mode file for STMicroelectronics.X-CUBE-BLE1.7.1.0
2025-11-25 08:00:15,767 [WARN] PackLoader:240 - Cannot read IP mode file for wolfSSL.I-CUBE-wolfMQTT.1.19.2
2025-11-25 08:00:15,773 [WARN] PackLoader:240 - Cannot read IP mode file for STMicroelectronics.X-CUBE-TCPP.4.1.0
2025-11-25 08:00:15,779 [WARN] PackLoader:240 - Cannot read IP mode file for STMicroelectronics.X-CUBE-FREERTOS.1.4.0
2025-11-25 08:00:15,792 [WARN] PackLoader:240 - Cannot read IP mode file for STMicroelectronics.X-CUBE-EEPRMA1.5.2.0
2025-11-25 08:00:15,808 [WARN] PackLoader:240 - Cannot read IP mode file for STMicroelectronics.X-CUBE-ST67W61.1.1.0
2025-11-25 08:00:15,876 [WARN] PackLoader:240 - Cannot read IP mode file for STMicroelectronics.X-CUBE-MEMS1.12.0.0
2025-11-25 08:00:16,042 [WARN] PackLoader:240 - Cannot read IP mode file for STMicroelectronics.X-CUBE-AZRTOS-G0.1.1.0
2025-11-25 08:00:16,051 [WARN] PackLoader:240 - Cannot read IP mode file for STMicroelectronics.X-CUBE-SAFEA1.1.2.2
2025-11-25 08:00:16,059 [WARN] PackLoader:240 - Cannot read IP mode file for STMicroelectronics.X-CUBE-NFC4.3.0.0
2025-11-25 08:00:16,069 [WARN] PackLoader:240 - Cannot read IP mode file for EmbeddedOffice.I-CUBE-FS-RTOS.1.0.1
2025-11-25 08:00:16,075 [WARN] PackLoader:240 - Cannot read IP mode file for STMicroelectronics.X-CUBE-WB05N.2.0.0
2025-11-25 08:00:16,080 [WARN] PackLoader:240 - Cannot read IP mode file for wolfSSL.I-CUBE-wolfTPM.3.8.0
2025-11-25 08:00:16,086 [WARN] PackLoader:240 - Cannot read IP mode file for STMicroelectronics.X-CUBE-TCPP.4.2.0
2025-11-25 08:00:16,095 [WARN] PackLoader:240 - Cannot read IP mode file for RealThread.X-CUBE-RT-Thread_Nano.4.1.1
2025-11-25 08:00:16,100 [WARN] PackLoader:240 - Cannot read IP mode file for STMicroelectronics.FP-ATR-SIGFOX1.3.2.0
2025-11-25 08:00:16,104 [WARN] PackLoader:240 - Cannot read IP mode file for wolfSSL.I-CUBE-wolfSSL.5.7.2
2025-11-25 08:00:16,107 [WARN] PackLoader:240 - Cannot read IP mode file for STMicroelectronics.X-CUBE-EEPRMA1.5.1.0
2025-11-25 08:00:16,116 [WARN] PackLoader:240 - Cannot read IP mode file for ITTIA_DB.I-CUBE-ITTIADB.8.9.0
2025-11-25 08:00:16,125 [WARN] PackLoader:240 - Cannot read IP mode file for STMicroelectronics.X-CUBE-ST67W61.1.0.0
2025-11-25 08:00:16,132 [WARN] PackLoader:240 - Cannot read IP mode file for STMicroelectronics.X-CUBE-AI.10.2.0
2025-11-25 08:00:16,262 [WARN] PackLoader:240 - Cannot read IP mode file for SEGGER.I-CUBE-embOS.1.3.1
2025-11-25 08:00:16,313 [WARN] PackLoader:240 - Cannot read IP mode file for STMicroelectronics.X-CUBE-ALGOBUILD.1.4.0
2025-11-25 08:00:16,373 [WARN] PackLoader:240 - Cannot read IP mode file for STMicroelectronics.X-CUBE-MEMS1.11.3.0
2025-11-25 08:00:16,494 [WARN] PackLoader:240 - Cannot read IP mode file for STMicroelectronics.X-CUBE-PM33A1.1.0.0
2025-11-25 08:00:16,513 [WARN] PackLoader:240 - Cannot read IP mode file for STMicroelectronics.X-CUBE-AZRTOS-F4.1.1.0
2025-11-25 08:00:16,522 [WARN] PackLoader:240 - Cannot read IP mode file for STMicroelectronics.X-CUBE-ISPU.2.1.0
2025-11-25 08:00:16,533 [WARN] PackLoader:240 - Cannot read IP mode file for STMicroelectronics.X-CUBE-IPS.3.2.0
2025-11-25 08:00:16,540 [WARN] PackLoader:240 - Cannot read IP mode file for STMicroelectronics.X-CUBE-FREERTOS.1.2.0
2025-11-25 08:00:16,548 [WARN] PackLoader:240 - Cannot read IP mode file for STMicroelectronics.X-CUBE-NFC12.1.0.0
2025-11-25 08:00:16,565 [WARN] PackLoader:240 - Cannot read IP mode file for STMicroelectronics.X-CUBE-AZRTOS-L5.2.0.0
2025-11-25 08:00:16,574 [WARN] PackLoader:240 - Cannot read IP mode file for STMicroelectronics.X-CUBE-NFC6.3.1.0
2025-11-25 08:00:16,581 [WARN] PackLoader:240 - Cannot read IP mode file for STMicroelectronics.X-CUBE-DPower.1.2.0
2025-11-25 08:00:16,585 [WARN] PackLoader:240 - Cannot read IP mode file for STMicroelectronics.X-CUBE-AI.9.0.0
2025-11-25 08:00:16,591 [WARN] PackLoader:240 - Cannot read IP mode file for STMicroelectronics.X-CUBE-FREERTOS.1.3.1
2025-11-25 08:00:16,596 [WARN] PackLoader:240 - Cannot read IP mode file for STMicroelectronics.X-CUBE-NFC7.1.0.1
2025-11-25 08:00:16,600 [WARN] PackLoader:240 - Cannot read IP mode file for STMicroelectronics.X-CUBE-TOUCHGFX.4.26.0
2025-11-25 08:00:16,604 [WARN] PackLoader:240 - Cannot read IP mode file for STMicroelectronics.FP-SNS-STAIOTCFT.1.0.0
2025-11-25 08:00:16,608 [WARN] PackLoader:240 - Cannot read IP mode file for STMicroelectronics.X-CUBE-DPower.1.3.0
2025-11-25 08:00:16,628 [WARN] ConditionMgr:438 - getConditionDescription Invalid condition id : LAN8742 Phy interface Condition cause : null
2025-11-25 08:00:16,629 [WARN] PackLoader:240 - Cannot read IP mode file for STMicroelectronics.X-CUBE-AZRTOS-L4.2.0.0
2025-11-25 08:00:16,630 [WARN] ConditionMgr:1044 - genDependencies : Invalid condition id : LAN8742 Phy interface Condition cause : null
2025-11-25 08:00:16,630 [WARN] ConditionMgr:1044 - genDependencies : Invalid condition id : LAN8742 Phy interface Condition cause : null
2025-11-25 08:00:16,631 [WARN] ConditionMgr:1044 - genDependencies : Invalid condition id : LAN8742 Phy interface Condition cause : null
2025-11-25 08:00:16,640 [WARN] PackLoader:240 - Cannot read IP mode file for STMicroelectronics.X-CUBE-SFXS2LP1.4.0.0
2025-11-25 08:00:16,663 [WARN] PackLoader:240 - Cannot read IP mode file for STMicroelectronics.X-CUBE-AZRTOS-H7.3.3.0
2025-11-25 08:00:16,676 [WARN] PackLoader:240 - Cannot read IP mode file for STMicroelectronics.X-CUBE-BLEMGR.4.1.0
2025-11-25 08:00:16,688 [WARN] ConditionMgr:438 - getConditionDescription Invalid condition id : UX DEVICE CLASS RTOS Condition cause : null
2025-11-25 08:00:16,688 [WARN] ConditionMgr:438 - getConditionDescription Invalid condition id : UX DEVICE CLASS RTOS Condition cause : null
2025-11-25 08:00:16,691 [WARN] PackLoader:240 - Cannot read IP mode file for STMicroelectronics.X-CUBE-AZRTOS-WB.2.0.0
2025-11-25 08:00:16,692 [WARN] ConditionMgr:1044 - genDependencies : Invalid condition id : UX DEVICE CLASS RTOS Condition cause : null
2025-11-25 08:00:16,692 [WARN] ConditionMgr:1044 - genDependencies : Invalid condition id : UX DEVICE CLASS RTOS Condition cause : null
2025-11-25 08:00:16,692 [WARN] ConditionMgr:1044 - genDependencies : Invalid condition id : UX DEVICE CLASS RTOS Condition cause : null
2025-11-25 08:00:16,693 [WARN] ConditionMgr:1044 - genDependencies : Invalid condition id : UX DEVICE CLASS RTOS Condition cause : null
2025-11-25 08:00:16,693 [WARN] ConditionMgr:1044 - genDependencies : Invalid condition id : UX DEVICE CLASS RTOS Condition cause : null
2025-11-25 08:00:16,698 [WARN] PackLoader:240 - Cannot read IP mode file for STMicroelectronics.X-CUBE-GNSS1.7.0.0
2025-11-25 08:00:16,703 [WARN] PackLoader:240 - Cannot read IP mode file for STMicroelectronics.X-CUBE-GNSS1.7.0.1
2025-11-25 08:00:16,708 [WARN] PackLoader:240 - Cannot read IP mode file for STMicroelectronics.FP-SNS-STBOX1.2.0.0
2025-11-25 08:00:16,714 [WARN] ConditionMgr:438 - getConditionDescription Invalid condition id : Cortex-A Device cause : null
2025-11-25 08:00:16,723 [WARN] ConditionMgr:1044 - genDependencies : Invalid condition id : Cortex-A Device cause : null
2025-11-25 08:00:16,723 [WARN] ConditionMgr:1044 - genDependencies : Invalid condition id : Cortex-A Device cause : null
2025-11-25 08:00:16,724 [WARN] ConditionMgr:1044 - genDependencies : Invalid condition id : Cortex-A Device cause : null
2025-11-25 08:00:16,731 [WARN] PackLoader:240 - Cannot read IP mode file for STMicroelectronics.X-CUBE-SUBG2.5.0.0
2025-11-25 08:00:16,749 [WARN] PackLoader:240 - Cannot read IP mode file for STMicroelectronics.X-CUBE-AZRTOS-H7RS.1.1.0
2025-11-25 08:00:16,754 [WARN] PackLoader:240 - Cannot read IP mode file for Cesanta.I-CUBE-Mongoose.7.13.0
2025-11-25 08:00:16,764 [WARN] PackLoader:240 - Cannot read IP mode file for STMicroelectronics.X-CUBE-AZRTOS-G4.2.0.0
2025-11-25 08:00:16,770 [WARN] PackLoader:240 - Cannot read IP mode file for wolfSSL.I-CUBE-wolfSSH.1.4.20
2025-11-25 08:00:16,774 [WARN] PackLoader:240 - Cannot read IP mode file for STMicroelectronics.X-CUBE-NFC7.2.0.0
2025-11-25 08:00:16,779 [WARN] PackLoader:240 - Cannot read IP mode file for STMicroelectronics.X-CUBE-ALS.1.0.2
2025-11-25 08:00:16,782 [WARN] PackLoader:240 - Cannot read IP mode file for STMicroelectronics.X-CUBE-TOUCHGFX.4.24.0
2025-11-25 08:00:16,788 [WARN] PackLoader:240 - Cannot read IP mode file for STMicroelectronics.X-CUBE-STSE01.1.0.0
2025-11-25 08:00:16,793 [WARN] PackLoader:240 - Cannot read IP mode file for wolfSSL.I-CUBE-wolfTPM.3.4.0
2025-11-25 08:00:16,799 [WARN] PackLoader:240 - Cannot read IP mode file for portGmbH.I-Cube-SoM-uGOAL.1.1.0
2025-11-25 08:00:16,844 [WARN] PackLoader:240 - Cannot read IP mode file for STMicroelectronics.X-CUBE-AZRTOS-H7RS.1.0.0
2025-11-25 08:00:16,850 [WARN] PackLoader:240 - Cannot read IP mode file for STMicroelectronics.FP-ATR-ASTRA1.2.0.0
2025-11-25 08:00:16,867 [WARN] PackLoader:240 - Cannot read IP mode file for STMicroelectronics.X-CUBE-TOF1.3.4.2
2025-11-25 08:00:16,893 [WARN] PackLoader:240 - Cannot read IP mode file for STMicroelectronics.X-CUBE-TOF1.3.4.3
2025-11-25 08:00:16,926 [WARN] PackLoader:240 - Cannot read IP mode file for Infineon.AIROC-Wi-Fi-Bluetooth-STM32.1.6.1
2025-11-25 08:00:16,932 [WARN] PackLoader:240 - Cannot read IP mode file for wolfSSL.I-CUBE-wolfSSH.1.4.17
2025-11-25 08:00:16,933 [INFO] ThirdParty:978 - Integrity check success = true
2025-11-25 08:00:16,933 [INFO] IntegrityCheckThread:100 - exiting critical section [integrity check]
2025-11-25 08:00:16,934 [INFO] IntegrityCheckThread:103 - End integrity checks thread
2025-11-25 08:00:29,787 [ERROR] LogOutputStream:75 - [STDERR_REDIRECT] 
2025-11-25 08:00:29,789 [ERROR] LogOutputStream:75 - [STDERR_REDIRECT] 
